0 info it worked if it ends with ok
1 verbose cli [ '/usr/local/bin/node', '/home/sid/.node/bin/npm', 'run', 'dev' ]
2 info using npm@3.9.0
3 info using node@v6.8.1
4 verbose run-script [ 'predev', 'dev', 'postdev' ]
5 info lifecycle react-routing@1.0.0~predev: react-routing@1.0.0
6 silly lifecycle react-routing@1.0.0~predev: no script for predev, continuing
7 info lifecycle react-routing@1.0.0~dev: react-routing@1.0.0
8 verbose lifecycle react-routing@1.0.0~dev: unsafe-perm in lifecycle true
9 verbose lifecycle react-routing@1.0.0~dev: PATH: /home/sid/.node/lib/node_modules/npm/bin/node-gyp-bin:/home/sid/Desktop/react/routing/node_modules/.bin:/usr/local/bin:/home/sid/.node/bin:/usr/local/heroku/bin:/home/sid/.node/bin:/usr/local/heroku/bin:/usr/local/heroku/bin:/home/sid/.node/bin:/usr/local/heroku/bin:/usr/local/heroku/bin:/home/sid/.rvm/gems/ruby-2.2.3/bin:/home/sid/.rvm/gems/ruby-2.2.3@global/bin:/home/sid/.rvm/rubies/ruby-2.2.3/bin:/usr/local/sbin:/usr/local/bin:/usr/sbin:/usr/bin:/sbin:/bin:/usr/games:/usr/local/games:/home/sid/.rvm/bin:/home/sid/.composer/vendor/bin:/home/sid/bin/maven/bin:/home/sid/.rvm/bin:/home/sid/documents/activator-1.3.7-minimal/:/home/sid/.composer/vendor/bin:/home/sid/bin/maven/bin:/home/sid/.rvm/bin:/home/sid/documents/activator-1.3.7-minimal/:/home/sid/.composer/vendor/bin:/home/sid/bin/maven/bin:/home/sid/.rvm/bin:/home/sid/documents/activator-1.3.7-minimal/:/home/sid/.composer/vendor/bin:/home/sid/bin/maven/bin:/home/sid/.rvm/bin:/home/sid/documents/activator-1.3.7-minimal/::/home/sid/.composer/vendor/bin:/home/sid/bin/maven/bin:/home/sid/.rvm/bin:/home/sid/documents/activator-1.3.7-minimal/
10 verbose lifecycle react-routing@1.0.0~dev: CWD: /home/sid/Desktop/react/routing
11 silly lifecycle react-routing@1.0.0~dev: Args: [ '-c', 'webpack-dev-server --content-base src --inline --hot' ]
12 silly lifecycle react-routing@1.0.0~dev: Returned: code: 1  signal: null
13 info lifecycle react-routing@1.0.0~dev: Failed to exec dev script
14 verbose stack Error: react-routing@1.0.0 dev: `webpack-dev-server --content-base src --inline --hot`
14 verbose stack Exit status 1
14 verbose stack     at EventEmitter.<anonymous> (/home/sid/.node/lib/node_modules/npm/lib/utils/lifecycle.js:245:16)
14 verbose stack     at emitTwo (events.js:106:13)
14 verbose stack     at EventEmitter.emit (events.js:191:7)
14 verbose stack     at ChildProcess.<anonymous> (/home/sid/.node/lib/node_modules/npm/lib/utils/spawn.js:24:14)
14 verbose stack     at emitTwo (events.js:106:13)
14 verbose stack     at ChildProcess.emit (events.js:191:7)
14 verbose stack     at maybeClose (internal/child_process.js:877:16)
14 verbose stack     at Process.ChildProcess._handle.onexit (internal/child_process.js:226:5)
15 verbose pkgid react-routing@1.0.0
16 verbose cwd /home/sid/Desktop/react/routing
17 error Linux 4.2.0-42-generic
18 error argv "/usr/local/bin/node" "/home/sid/.node/bin/npm" "run" "dev"
19 error node v6.8.1
20 error npm  v3.9.0
21 error code ELIFECYCLE
22 error react-routing@1.0.0 dev: `webpack-dev-server --content-base src --inline --hot`
22 error Exit status 1
23 error Failed at the react-routing@1.0.0 dev script 'webpack-dev-server --content-base src --inline --hot'.
23 error Make sure you have the latest version of node.js and npm installed.
23 error If you do, this is most likely a problem with the react-routing package,
23 error not with npm itself.
23 error Tell the author that this fails on your system:
23 error     webpack-dev-server --content-base src --inline --hot
23 error You can get information on how to open an issue for this project with:
23 error     npm bugs react-routing
23 error Or if that isn't available, you can get their info via:
23 error     npm owner ls react-routing
23 error There is likely additional logging output above.
24 verbose exit [ 1, true ]
